<?xml version="1.0" encoding="UTF-8"?>
<testsuite name="com.group.libraryapp.calculator.JuitCaculatorTest" tests="5" skipped="0" failures="0" errors="0" timestamp="2024-10-30T13:22:10" hostname="STLGRAM" time="0.069">
  <properties/>
  <testcase name="divideTest()" classname="com.group.libraryapp.calculator.JuitCaculatorTest" time="0.06"/>
  <testcase name="addTest()" classname="com.group.libraryapp.calculator.JuitCaculatorTest" time="0.0"/>
  <testcase name="multiplyTest()" classname="com.group.libraryapp.calculator.JuitCaculatorTest" time="0.0"/>
  <testcase name="divideExceptionTest()" classname="com.group.libraryapp.calculator.JuitCaculatorTest" time="0.006"/>
  <testcase name="minusTest()" classname="com.group.libraryapp.calculator.JuitCaculatorTest" time="0.0"/>
  <system-out><![CDATA[]]></system-out>
  <system-err><![CDATA[]]></system-err>
</testsuite>
